ISim log file
Running: F:\dokumenty szkola\semestr_4\ulic_lab\BombaULiC\main_main_sch_tb_isim_beh.exe -intstyle ise -gui -tclbatch isim.cmd -wdb F:/dokumenty szkola/semestr_4/ulic_lab/BombaULiC/main_main_sch_tb_isim_beh.wdb 
ISim P.20131013 (signature 0x7708f090)
This is a Full version of ISim.
Time resolution is 1 ps
# onerror resume
# wave add /
# run 1000 ns
Simulator is doing circuit initialization process.
Finished circuit initialization process.
ISim P.20131013 (signature 0x7708f090)
This is a Full version of ISim.
# run 1000 ns
Simulator is doing circuit initialization process.
Finished circuit initialization process.
# run 6s
ISim P.20131013 (signature 0x7708f090)
This is a Full version of ISim.
# run 1000 ns
Simulator is doing circuit initialization process.
Finished circuit initialization process.
# run 6s
ISim P.20131013 (signature 0x7708f090)
This is a Full version of ISim.
# run 1000 ns
Simulator is doing circuit initialization process.
Finished circuit initialization process.
# run 6s
# run 8s
Stopped at time : 8479972 us : File "F:/dokumenty szkola/semestr_4/ulic_lab/BombaULiC/dzielnik_zegara.vhd" Line 33
ISim P.20131013 (signature 0x7708f090)
This is a Full version of ISim.
# run 1000 ns
Simulator is doing circuit initialization process.
Finished circuit initialization process.
# run 6s
